[debug] [2019-02-04T13:31:25.715Z] ----------------------------------------------------------------------
[debug] [2019-02-04T13:31:25.723Z] Command:       C:\Program Files\nodejs\node.exe C:\Users\ivan_\AppData\Roaming\npm\node_modules\firebase-tools\lib\bin\firebase.js serve
[debug] [2019-02-04T13:31:25.724Z] CLI Version:   6.3.1
[debug] [2019-02-04T13:31:25.724Z] Platform:      win32
[debug] [2019-02-04T13:31:25.724Z] Node Version:  v11.2.0
[debug] [2019-02-04T13:31:25.728Z] Time:          Mon Feb 04 2019 08:31:25 GMT-0500 (GMT-05:00)
[debug] [2019-02-04T13:31:25.728Z] ----------------------------------------------------------------------
[debug] 
[debug] [2019-02-04T13:31:25.782Z] > command requires scopes: ["email","openid","https://www.googleapis.com/auth/cloudplatformprojects.readonly","https://www.googleapis.com/auth/firebase","https://www.googleapis.com/auth/cloud-platform"]
[debug] [2019-02-04T13:31:25.784Z] > authorizing via signed-in user
[debug] [2019-02-04T13:31:25.784Z] [iam] checking project mommyslove-edf5d for permissions ["firebase.projects.get"]
[debug] [2019-02-04T13:31:25.793Z] >>> HTTP REQUEST POST https://cloudresourcemanager.googleapis.com/v1/projects/mommyslove-edf5d:testIamPermissions  

[debug] [2019-02-04T13:31:26.352Z] <<< HTTP RESPONSE 200
[debug] [2019-02-04T13:31:26.357Z] >>> HTTP REQUEST GET https://cloudresourcemanager.googleapis.com/v1/projects/mommyslove-edf5d  
 
[debug] [2019-02-04T13:31:26.717Z] <<< HTTP RESPONSE 200
[info] 
[info] === Serving from 'C:\Users\ivan_\Desktop\PROYECTO RED SOCIAL\LIM008-social-network'...
[info] 
[debug] [2019-02-04T13:31:26.724Z] >>> HTTP REQUEST GET https://mobilesdk-pa.googleapis.com/v1/projects/390042811062/clients/_:getWebAppConfig  
 
[debug] [2019-02-04T13:31:27.395Z] <<< HTTP RESPONSE 200
[info] i  hosting: Serving hosting files from: ./src
[info] +  hosting: Local server: http://localhost:5000
[debug] [2019-02-04T13:40:44.928Z] ----------------------------------------------------------------------
[debug] [2019-02-04T13:40:44.937Z] Command:       C:\Program Files\nodejs\node.exe C:\Users\ivan_\AppData\Roaming\npm\node_modules\firebase-tools\lib\bin\firebase.js serve
[debug] [2019-02-04T13:40:44.938Z] CLI Version:   6.3.1
[debug] [2019-02-04T13:40:44.938Z] Platform:      win32
[debug] [2019-02-04T13:40:44.939Z] Node Version:  v11.2.0
[debug] [2019-02-04T13:40:44.943Z] Time:          Mon Feb 04 2019 08:40:44 GMT-0500 (GMT-05:00)
[debug] [2019-02-04T13:40:44.944Z] ----------------------------------------------------------------------
[debug] 
[debug] [2019-02-04T13:40:44.985Z] > command requires scopes: ["email","openid","https://www.googleapis.com/auth/cloudplatformprojects.readonly","https://www.googleapis.com/auth/firebase","https://www.googleapis.com/auth/cloud-platform"]
[debug] [2019-02-04T13:40:44.987Z] > authorizing via signed-in user
[debug] [2019-02-04T13:40:44.987Z] [iam] checking project mommyslove-edf5d for permissions ["firebase.projects.get"]
[debug] [2019-02-04T13:40:44.994Z] >>> HTTP REQUEST POST https://cloudresourcemanager.googleapis.com/v1/projects/mommyslove-edf5d:testIamPermissions  

[debug] [2019-02-04T13:40:45.670Z] <<< HTTP RESPONSE 200
[debug] [2019-02-04T13:40:45.676Z] >>> HTTP REQUEST GET https://cloudresourcemanager.googleapis.com/v1/projects/mommyslove-edf5d  
 
[debug] [2019-02-04T13:40:46.044Z] <<< HTTP RESPONSE 200
[info] 
[info] === Serving from 'C:\Users\ivan_\Desktop\PROYECTO RED SOCIAL\LIM008-social-network'...
[info] 
[debug] [2019-02-04T13:40:46.050Z] >>> HTTP REQUEST GET https://mobilesdk-pa.googleapis.com/v1/projects/390042811062/clients/_:getWebAppConfig  
 
[debug] [2019-02-04T13:40:46.700Z] <<< HTTP RESPONSE 200
[info] i  hosting: Serving hosting files from: ./src
[info] +  hosting: Local server: http://localhost:5000
